2021-04-27 09:54:14.675  INFO 1880 --- [restartedMain] c.i.internship.InternshipApplication     : Starting InternshipApplication using Java 1.8.0_281 on DESKTOP-HH5EVMF with PID 1880 (C:\Users\ikub\Desktop\Git\transport-control\target\classes started by ikub in C:\Users\ikub\Desktop\Git\transport-control)
2021-04-27 09:54:14.738  INFO 1880 --- [restartedMain] c.i.internship.InternshipApplication     : The following profiles are active: dev
2021-04-27 09:54:14.902  INFO 1880 --- [restartedMain] .e.DevToolsPropertyDefaultsPostProcessor : Devtools property defaults active! Set 'spring.devtools.add-properties' to 'false' to disable
2021-04-27 09:54:14.902  INFO 1880 --- [restartedMain] .e.DevToolsPropertyDefaultsPostProcessor : For additional web related logging consider setting the 'logging.level.web' property to 'DEBUG'
2021-04-27 09:54:18.873  INFO 1880 --- [restartedMain] .s.d.r.c.RepositoryConfigurationDelegate : Bootstrapping Spring Data JPA repositories in DEFAULT mode.
2021-04-27 09:54:19.299  INFO 1880 --- [restartedMain] .s.d.r.c.RepositoryConfigurationDelegate : Finished Spring Data repository scanning in 408 ms. Found 8 JPA repository interfaces.
2021-04-27 09:54:20.791  INFO 1880 --- [restartedMain] trationDelegate$BeanPostProcessorChecker : Bean 'org.springframework.security.access.expression.method.DefaultMethodSecurityExpressionHandler@63315b2f' of type [org.springframework.security.access.expression.method.DefaultMethodSecurityExpressionHandler] is not eligible for getting processed by all BeanPostProcessors (for example: not eligible for auto-proxying)
2021-04-27 09:54:20.816  INFO 1880 --- [restartedMain] trationDelegate$BeanPostProcessorChecker : Bean 'methodSecurityMetadataSource' of type [org.springframework.security.access.method.DelegatingMethodSecurityMetadataSource] is not eligible for getting processed by all BeanPostProcessors (for example: not eligible for auto-proxying)
2021-04-27 09:54:22.657  INFO 1880 --- [restartedMain] o.s.b.w.embedded.tomcat.TomcatWebServer  : Tomcat initialized with port(s): 8080 (http)
2021-04-27 09:54:22.682  INFO 1880 --- [restartedMain] o.apache.catalina.core.StandardService   : Starting service [Tomcat]
2021-04-27 09:54:22.682  INFO 1880 --- [restartedMain] org.apache.catalina.core.StandardEngine  : Starting Servlet engine: [Apache Tomcat/9.0.43]
2021-04-27 09:54:23.568  INFO 1880 --- [restartedMain] o.a.c.c.C.[Tomcat].[localhost].[/]       : Initializing Spring embedded WebApplicationContext
2021-04-27 09:54:23.578  INFO 1880 --- [restartedMain] w.s.c.ServletWebServerApplicationContext : Root WebApplicationContext: initialization completed in 8674 ms
2021-04-27 09:54:24.277  WARN 1880 --- [restartedMain] JpaBaseConfiguration$JpaWebConfiguration : spring.jpa.open-in-view is enabled by default. Therefore, database queries may be performed during view rendering. Explicitly configure spring.jpa.open-in-view to disable this warning
2021-04-27 09:54:25.044  INFO 1880 --- [restartedMain] o.hibernate.jpa.internal.util.LogHelper  : HHH000204: Processing PersistenceUnitInfo [name: default]
2021-04-27 09:54:25.201  INFO 1880 --- [restartedMain] org.hibernate.Version                    : HHH000412: Hibernate ORM core version 5.4.28.Final
2021-04-27 09:54:25.763  INFO 1880 --- [restartedMain] o.hibernate.annotations.common.Version   : HCANN000001: Hibernate Commons Annotations {5.1.2.Final}
2021-04-27 09:54:26.099  INFO 1880 --- [restartedMain] com.zaxxer.hikari.HikariDataSource       : HikariPool-1 - Starting...
2021-04-27 09:54:27.361  INFO 1880 --- [restartedMain] com.zaxxer.hikari.HikariDataSource       : HikariPool-1 - Start completed.
2021-04-27 09:54:27.486  INFO 1880 --- [restartedMain] org.hibernate.dialect.Dialect            : HHH000400: Using dialect: org.hibernate.dialect.PostgreSQL10Dialect
2021-04-27 09:54:32.556  INFO 1880 --- [restartedMain] o.h.e.t.j.p.i.JtaPlatformInitiator       : HHH000490: Using JtaPlatform implementation: [org.hibernate.engine.transaction.jta.platform.internal.NoJtaPlatform]
2021-04-27 09:54:32.578  INFO 1880 --- [restartedMain] j.LocalContainerEntityManagerFactoryBean : Initialized JPA EntityManagerFactory for persistence unit 'default'
2021-04-27 09:54:33.072  INFO 1880 --- [restartedMain] o.s.b.d.a.OptionalLiveReloadServer       : LiveReload server is running on port 35729
2021-04-27 09:54:35.802  INFO 1880 --- [restartedMain] o.s.s.web.DefaultSecurityFilterChain     : Will secure Ant [pattern='/api/login'] with []
2021-04-27 09:54:35.805  INFO 1880 --- [restartedMain] o.s.s.web.DefaultSecurityFilterChain     : Will secure Ant [pattern='/v2/api-docs'] with []
2021-04-27 09:54:35.805  INFO 1880 --- [restartedMain] o.s.s.web.DefaultSecurityFilterChain     : Will secure Ant [pattern='/configuration/ui'] with []
2021-04-27 09:54:35.805  INFO 1880 --- [restartedMain] o.s.s.web.DefaultSecurityFilterChain     : Will secure Ant [pattern='/swagger-resources/**'] with []
2021-04-27 09:54:35.806  INFO 1880 --- [restartedMain] o.s.s.web.DefaultSecurityFilterChain     : Will secure Ant [pattern='/configuration/security'] with []
2021-04-27 09:54:35.806  INFO 1880 --- [restartedMain] o.s.s.web.DefaultSecurityFilterChain     : Will secure Ant [pattern='/swagger-ui.html'] with []
2021-04-27 09:54:35.806  INFO 1880 --- [restartedMain] o.s.s.web.DefaultSecurityFilterChain     : Will secure Ant [pattern='/webjars/**'] with []
2021-04-27 09:54:35.806  INFO 1880 --- [restartedMain] o.s.s.web.DefaultSecurityFilterChain     : Will secure Ant [pattern='/h2-console'] with []
2021-04-27 09:54:35.807  INFO 1880 --- [restartedMain] o.s.s.web.DefaultSecurityFilterChain     : Will secure Ant [pattern='/h2-console/**'] with []
2021-04-27 09:54:35.808  INFO 1880 --- [restartedMain] o.s.s.web.DefaultSecurityFilterChain     : Will secure Ant [pattern='/css/**'] with []
2021-04-27 09:54:35.809  INFO 1880 --- [restartedMain] o.s.s.web.DefaultSecurityFilterChain     : Will secure Ant [pattern='/js/**'] with []
2021-04-27 09:54:35.809  INFO 1880 --- [restartedMain] o.s.s.web.DefaultSecurityFilterChain     : Will secure Ant [pattern='/images/**'] with []
2021-04-27 09:54:35.809  INFO 1880 --- [restartedMain] o.s.s.web.DefaultSecurityFilterChain     : Will secure Ant [pattern='/swagger-ui/**'] with []
2021-04-27 09:54:35.809  INFO 1880 --- [restartedMain] o.s.s.web.DefaultSecurityFilterChain     : Will secure Ant [pattern='/swagger-resources/**'] with []
2021-04-27 09:54:35.809  INFO 1880 --- [restartedMain] o.s.s.web.DefaultSecurityFilterChain     : Will secure Ant [pattern='/v3/api-docs/**'] with []
2021-04-27 09:54:35.809  INFO 1880 --- [restartedMain] o.s.s.web.DefaultSecurityFilterChain     : Will secure Ant [pattern='/api/travel-card/check/{id}/{routeId}'] with []
2021-04-27 09:54:35.810  INFO 1880 --- [restartedMain] o.s.s.web.DefaultSecurityFilterChain     : Will secure Ant [pattern='/api/travel-card/book-ticket/{id}/{routeId}'] with []
2021-04-27 09:54:35.810  INFO 1880 --- [restartedMain] o.s.s.web.DefaultSecurityFilterChain     : Will secure Ant [pattern='/api/route/list/most-frequented/{localDateTime1}/{localDateTime2}'] with []
2021-04-27 09:54:35.911  INFO 1880 --- [restartedMain] o.s.s.web.DefaultSecurityFilterChain     : Will secure any request with [org.springframework.security.web.context.request.async.WebAsyncManagerIntegrationFilter@5d8c0251, org.springframework.security.web.context.SecurityContextPersistenceFilter@10fedf5f, org.springframework.security.web.header.HeaderWriterFilter@5a90a3ae, org.springframework.security.web.authentication.logout.LogoutFilter@79d5b9d0, org.springframework.web.filter.CorsFilter@3406e5e4, com.ikubinfo.internship.security.JWTFilter@5d44a63f, org.springframework.security.web.savedrequest.RequestCacheAwareFilter@2888b987, org.springframework.security.web.servletapi.SecurityContextHolderAwareRequestFilter@6a83238e, org.springframework.security.web.authentication.AnonymousAuthenticationFilter@3d319796, org.springframework.security.web.session.SessionManagementFilter@269bb597, org.springframework.security.web.access.ExceptionTranslationFilter@128ad20, org.springframework.security.web.access.intercept.FilterSecurityInterceptor@3abfa414]
2021-04-27 09:54:36.189  INFO 1880 --- [restartedMain] o.s.s.concurrent.ThreadPoolTaskExecutor  : Initializing ExecutorService 'applicationTaskExecutor'
2021-04-27 09:54:39.290  INFO 1880 --- [restartedMain] o.s.b.w.embedded.tomcat.TomcatWebServer  : Tomcat started on port(s): 8080 (http) with context path ''
2021-04-27 09:54:39.382  INFO 1880 --- [restartedMain] c.i.internship.InternshipApplication     : Started InternshipApplication in 26.58 seconds (JVM running for 33.768)
2021-04-27 09:54:49.848  INFO 1880 --- [http-nio-8080-exec-1] o.a.c.c.C.[Tomcat].[localhost].[/]       : Initializing Spring DispatcherServlet 'dispatcherServlet'
2021-04-27 09:54:49.851  INFO 1880 --- [http-nio-8080-exec-1] o.s.web.servlet.DispatcherServlet        : Initializing Servlet 'dispatcherServlet'
2021-04-27 09:54:49.857  INFO 1880 --- [http-nio-8080-exec-1] o.s.web.servlet.DispatcherServlet        : Completed initialization in 4 ms
2021-04-27 09:54:54.440  INFO 1880 --- [http-nio-8080-exec-6] o.springdoc.api.AbstractOpenApiResource  : Init duration for springdoc-openapi is: 3030 ms
2021-04-27 09:55:39.443 DEBUG 1880 --- [http-nio-8080-exec-7] org.hibernate.SQL                        : select personenti0_.id as id1_0_, personenti0_.address as address2_0_, personenti0_.created_on as created_3_0_, personenti0_.date_birth as date_bir4_0_, personenti0_.email as email5_0_, personenti0_.first_name as first_na6_0_, personenti0_.is_deleted as is_delet7_0_, personenti0_.last_name as last_nam8_0_, personenti0_.password as password9_0_, personenti0_.phone_no as phone_n10_0_, personenti0_.updated_on as updated11_0_, personenti0_.username as usernam12_0_ from person personenti0_ where personenti0_.username=?
2021-04-27 09:55:39.566 DEBUG 1880 --- [http-nio-8080-exec-7] org.hibernate.SQL                        : select personenti0_.id as id1_0_, personenti0_.address as address2_0_, personenti0_.created_on as created_3_0_, personenti0_.date_birth as date_bir4_0_, personenti0_.email as email5_0_, personenti0_.first_name as first_na6_0_, personenti0_.is_deleted as is_delet7_0_, personenti0_.last_name as last_nam8_0_, personenti0_.password as password9_0_, personenti0_.phone_no as phone_n10_0_, personenti0_.updated_on as updated11_0_, personenti0_.username as usernam12_0_ from person personenti0_ where personenti0_.username=?
2021-04-27 09:55:39.597 DEBUG 1880 --- [http-nio-8080-exec-7] org.hibernate.SQL                        : select roles0_.person_id as person_i1_1_0_, roles0_.role_id as role_id2_1_0_, roleentity1_.id as id1_2_1_, roleentity1_.code as code2_2_1_, roleentity1_.created_on as created_3_2_1_, roleentity1_.description as descript4_2_1_, roleentity1_.is_deleted as is_delet5_2_1_, roleentity1_.name as name6_2_1_, roleentity1_.updated_on as updated_7_2_1_ from person_role roles0_ inner join role roleentity1_ on roles0_.role_id=roleentity1_.id where roles0_.person_id=?
2021-04-27 09:55:39.857  INFO 1880 --- [http-nio-8080-exec-7] c.i.i.exception.RestExceptionHandler     : Successful login
2021-04-27 09:55:39.859 DEBUG 1880 --- [http-nio-8080-exec-7] org.hibernate.SQL                        : select personenti0_.id as id1_0_, personenti0_.address as address2_0_, personenti0_.created_on as created_3_0_, personenti0_.date_birth as date_bir4_0_, personenti0_.email as email5_0_, personenti0_.first_name as first_na6_0_, personenti0_.is_deleted as is_delet7_0_, personenti0_.last_name as last_nam8_0_, personenti0_.password as password9_0_, personenti0_.phone_no as phone_n10_0_, personenti0_.updated_on as updated11_0_, personenti0_.username as usernam12_0_ from person personenti0_ where personenti0_.username=?
2021-04-27 09:56:54.403 DEBUG 1880 --- [http-nio-8080-exec-1] org.hibernate.SQL                        : select routetypee0_.id as id1_5_, routetypee0_.code as code2_5_, routetypee0_.created_on as created_3_5_, routetypee0_.description as descript4_5_, routetypee0_.is_deleted as is_delet5_5_, routetypee0_.name as name6_5_, routetypee0_.updated_on as updated_7_5_ from route_type routetypee0_ where routetypee0_.is_deleted=?
2021-04-27 09:57:02.515 DEBUG 1880 --- [http-nio-8080-exec-2] org.hibernate.SQL                        : select routetypee0_.id as id1_5_0_, routetypee0_.code as code2_5_0_, routetypee0_.created_on as created_3_5_0_, routetypee0_.description as descript4_5_0_, routetypee0_.is_deleted as is_delet5_5_0_, routetypee0_.name as name6_5_0_, routetypee0_.updated_on as updated_7_5_0_ from route_type routetypee0_ where routetypee0_.id=?
2021-04-27 09:57:42.584  WARN 1880 --- [http-nio-8080-exec-6] o.s.web.servlet.PageNotFound             : Request method 'GET' not supported
2021-04-27 09:57:42.586  WARN 1880 --- [http-nio-8080-exec-6] .m.m.a.ExceptionHandlerExceptionResolver : Resolved [org.springframework.web.HttpRequestMethodNotSupportedException: Request method 'GET' not supported]
2021-04-27 09:57:49.742 DEBUG 1880 --- [http-nio-8080-exec-7] org.hibernate.SQL                        : Select count(route_type_id) as count from route_route_type where route_type_id = ? 
2021-04-27 09:57:49.769 DEBUG 1880 --- [http-nio-8080-exec-7] org.hibernate.SQL                        : select count(*) as col_0_0_ from route_type routetypee0_ where routetypee0_.id=?
2021-04-27 09:57:49.774 DEBUG 1880 --- [http-nio-8080-exec-7] org.hibernate.SQL                        : select routetypee0_.id as id1_5_0_, routetypee0_.code as code2_5_0_, routetypee0_.created_on as created_3_5_0_, routetypee0_.description as descript4_5_0_, routetypee0_.is_deleted as is_delet5_5_0_, routetypee0_.name as name6_5_0_, routetypee0_.updated_on as updated_7_5_0_ from route_type routetypee0_ where routetypee0_.id=?
2021-04-27 09:57:49.848 DEBUG 1880 --- [http-nio-8080-exec-7] org.hibernate.SQL                        : update route_type set code=?, created_on=?, description=?, is_deleted=?, name=?, updated_on=? where id=?
2021-04-27 09:58:25.147  WARN 1880 --- [http-nio-8080-exec-9] o.s.web.servlet.PageNotFound             : Request method 'DELETE' not supported
2021-04-27 09:58:25.153  WARN 1880 --- [http-nio-8080-exec-9] .m.m.a.ExceptionHandlerExceptionResolver : Resolved [org.springframework.web.HttpRequestMethodNotSupportedException: Request method 'DELETE' not supported]
2021-04-27 09:58:32.698 DEBUG 1880 --- [http-nio-8080-exec-8] org.hibernate.SQL                        : select routetypee0_.id as id1_5_0_, routetypee0_.code as code2_5_0_, routetypee0_.created_on as created_3_5_0_, routetypee0_.description as descript4_5_0_, routetypee0_.is_deleted as is_delet5_5_0_, routetypee0_.name as name6_5_0_, routetypee0_.updated_on as updated_7_5_0_ from route_type routetypee0_ where routetypee0_.id=?
2021-04-27 09:59:14.084  WARN 1880 --- [http-nio-8080-exec-10] .m.m.a.ExceptionHandlerExceptionResolver : Resolved [org.springframework.web.HttpMediaTypeNotSupportedException: Content type 'text/plain' not supported]
2021-04-27 09:59:26.652 DEBUG 1880 --- [http-nio-8080-exec-4] org.hibernate.SQL                        : select routetypee0_.id as id1_5_0_, routetypee0_.code as code2_5_0_, routetypee0_.created_on as created_3_5_0_, routetypee0_.description as descript4_5_0_, routetypee0_.is_deleted as is_delet5_5_0_, routetypee0_.name as name6_5_0_, routetypee0_.updated_on as updated_7_5_0_ from route_type routetypee0_ where routetypee0_.id=?
2021-04-27 09:59:26.672 DEBUG 1880 --- [http-nio-8080-exec-4] org.hibernate.SQL                        : insert into route_type (code, created_on, description, is_deleted, name, updated_on) values (?, ?, ?, ?, ?, ?)
2021-04-27 09:59:37.660  WARN 1880 --- [http-nio-8080-exec-1] o.s.web.servlet.PageNotFound             : Request method 'POST' not supported
2021-04-27 09:59:37.662  WARN 1880 --- [http-nio-8080-exec-1] .m.m.a.ExceptionHandlerExceptionResolver : Resolved [org.springframework.web.HttpRequestMethodNotSupportedException: Request method 'POST' not supported]
2021-04-27 09:59:43.625 DEBUG 1880 --- [http-nio-8080-exec-2] org.hibernate.SQL                        : Select count(route_type_id) as count from route_route_type where route_type_id = ? 
2021-04-27 09:59:43.630 DEBUG 1880 --- [http-nio-8080-exec-2] org.hibernate.SQL                        : select count(*) as col_0_0_ from route_type routetypee0_ where routetypee0_.id=?
2021-04-27 09:59:43.634 DEBUG 1880 --- [http-nio-8080-exec-2] org.hibernate.SQL                        : select routetypee0_.id as id1_5_0_, routetypee0_.code as code2_5_0_, routetypee0_.created_on as created_3_5_0_, routetypee0_.description as descript4_5_0_, routetypee0_.is_deleted as is_delet5_5_0_, routetypee0_.name as name6_5_0_, routetypee0_.updated_on as updated_7_5_0_ from route_type routetypee0_ where routetypee0_.id=?
2021-04-27 09:59:43.639 DEBUG 1880 --- [http-nio-8080-exec-2] org.hibernate.SQL                        : update route_type set code=?, created_on=?, description=?, is_deleted=?, name=?, updated_on=? where id=?
2021-04-27 10:00:35.608 DEBUG 1880 --- [http-nio-8080-exec-3] org.hibernate.SQL                        : Select count(route_type_id) as count from route_route_type where route_type_id = ? 
2021-04-27 10:00:35.612 DEBUG 1880 --- [http-nio-8080-exec-3] org.hibernate.SQL                        : select count(*) as col_0_0_ from route_type routetypee0_ where routetypee0_.id=?
2021-04-27 10:00:35.615 DEBUG 1880 --- [http-nio-8080-exec-3] org.hibernate.SQL                        : select routetypee0_.id as id1_5_0_, routetypee0_.code as code2_5_0_, routetypee0_.created_on as created_3_5_0_, routetypee0_.description as descript4_5_0_, routetypee0_.is_deleted as is_delet5_5_0_, routetypee0_.name as name6_5_0_, routetypee0_.updated_on as updated_7_5_0_ from route_type routetypee0_ where routetypee0_.id=?
2021-04-27 10:00:35.620 DEBUG 1880 --- [http-nio-8080-exec-3] org.hibernate.SQL                        : select routes0_.route_id as route_id1_4_0_, routes0_.route_type_id as route_ty2_4_0_, routeentit1_.id as id1_3_1_, routeentit1_.code as code2_3_1_, routeentit1_.created_on as created_3_3_1_, routeentit1_.description as descript4_3_1_, routeentit1_.destination as destinat5_3_1_, routeentit1_.duration as duration6_3_1_, routeentit1_.is_deleted as is_delet7_3_1_, routeentit1_.name as name8_3_1_, routeentit1_.price as price9_3_1_, routeentit1_.start_place as start_p10_3_1_, routeentit1_.updated_on as updated11_3_1_ from route_route_type routes0_ inner join route routeentit1_ on routes0_.route_type_id=routeentit1_.id where routes0_.route_id=?
2021-04-27 10:00:35.630 DEBUG 1880 --- [http-nio-8080-exec-3] org.hibernate.SQL                        : update route_type set code=?, created_on=?, description=?, is_deleted=?, name=?, updated_on=? where id=?
2021-04-27 10:00:35.641 DEBUG 1880 --- [http-nio-8080-exec-3] org.hibernate.SQL                        : delete from route_route_type where route_id=?
2021-04-27 10:03:11.136 DEBUG 1880 --- [http-nio-8080-exec-6] org.hibernate.SQL                        : Select count(route_type_id) as count from route_route_type where route_type_id = ? 
2021-04-27 10:03:11.142 DEBUG 1880 --- [http-nio-8080-exec-6] org.hibernate.SQL                        : select count(*) as col_0_0_ from route_type routetypee0_ where routetypee0_.id=?
2021-04-27 10:03:11.145 DEBUG 1880 --- [http-nio-8080-exec-6] org.hibernate.SQL                        : select routetypee0_.id as id1_5_0_, routetypee0_.code as code2_5_0_, routetypee0_.created_on as created_3_5_0_, routetypee0_.description as descript4_5_0_, routetypee0_.is_deleted as is_delet5_5_0_, routetypee0_.name as name6_5_0_, routetypee0_.updated_on as updated_7_5_0_ from route_type routetypee0_ where routetypee0_.id=?
2021-04-27 10:03:11.147 DEBUG 1880 --- [http-nio-8080-exec-6] org.hibernate.SQL                        : select routes0_.route_id as route_id1_4_0_, routes0_.route_type_id as route_ty2_4_0_, routeentit1_.id as id1_3_1_, routeentit1_.code as code2_3_1_, routeentit1_.created_on as created_3_3_1_, routeentit1_.description as descript4_3_1_, routeentit1_.destination as destinat5_3_1_, routeentit1_.duration as duration6_3_1_, routeentit1_.is_deleted as is_delet7_3_1_, routeentit1_.name as name8_3_1_, routeentit1_.price as price9_3_1_, routeentit1_.start_place as start_p10_3_1_, routeentit1_.updated_on as updated11_3_1_ from route_route_type routes0_ inner join route routeentit1_ on routes0_.route_type_id=routeentit1_.id where routes0_.route_id=?
2021-04-27 10:03:11.150 DEBUG 1880 --- [http-nio-8080-exec-6] org.hibernate.SQL                        : update route_type set code=?, created_on=?, description=?, is_deleted=?, name=?, updated_on=? where id=?
2021-04-27 10:03:11.152 DEBUG 1880 --- [http-nio-8080-exec-6] org.hibernate.SQL                        : delete from route_route_type where route_id=?
2021-04-27 10:05:35.811 DEBUG 1880 --- [http-nio-8080-exec-8] org.hibernate.SQL                        : Select count(route_type_id) as count from route_route_type where route_type_id = ? 
2021-04-27 10:05:35.859 ERROR 1880 --- [http-nio-8080-exec-8] c.i.i.exception.RestExceptionHandler     : An error ocurred! 
2021-04-27 10:05:35.879  WARN 1880 --- [http-nio-8080-exec-8] .m.m.a.ExceptionHandlerExceptionResolver : Resolved [com.ikubinfo.internship.exception.TypeInUseException: This route type is already in use, can not update it!]
2021-04-27 13:57:06.492  WARN 1880 --- [HikariPool-1 housekeeper] com.zaxxer.hikari.pool.HikariPool        : HikariPool-1 - Thread starvation or clock leap detected (housekeeper delta=2h50m38s676ms265µs600ns).
2021-04-27 14:33:08.688  WARN 1880 --- [HikariPool-1 housekeeper] com.zaxxer.hikari.pool.HikariPool        : HikariPool-1 - Thread starvation or clock leap detected (housekeeper delta=5m1s911ms791µs600ns).
