2021-03-26 10:11:20.125  WARN 8784 --- [HikariPool-1 housekeeper] com.zaxxer.hikari.pool.HikariPool        : HikariPool-1 - Thread starvation or clock leap detected (housekeeper delta=1d13h59m12s196ms187µs800ns).
2021-03-26 11:48:08.112  INFO 12624 --- [restartedMain] c.i.internship.InternshipApplication     : Starting InternshipApplication using Java 1.8.0_281 on DESKTOP-HH5EVMF with PID 12624 (C:\Users\ikub\Desktop\Git\transport-control\target\classes started by ikub in C:\Users\ikub\Desktop\Git\transport-control)
2021-03-26 11:48:08.119  INFO 12624 --- [restartedMain] c.i.internship.InternshipApplication     : The following profiles are active: dev
2021-03-26 11:48:08.278  INFO 12624 --- [restartedMain] .e.DevToolsPropertyDefaultsPostProcessor : Devtools property defaults active! Set 'spring.devtools.add-properties' to 'false' to disable
2021-03-26 11:48:08.279  INFO 12624 --- [restartedMain] .e.DevToolsPropertyDefaultsPostProcessor : For additional web related logging consider setting the 'logging.level.web' property to 'DEBUG'
2021-03-26 11:48:10.808  INFO 12624 --- [restartedMain] .s.d.r.c.RepositoryConfigurationDelegate : Bootstrapping Spring Data JPA repositories in DEFAULT mode.
2021-03-26 11:48:11.137  INFO 12624 --- [restartedMain] .s.d.r.c.RepositoryConfigurationDelegate : Finished Spring Data repository scanning in 315 ms. Found 6 JPA repository interfaces.
2021-03-26 11:48:11.968  INFO 12624 --- [restartedMain] trationDelegate$BeanPostProcessorChecker : Bean 'org.springframework.security.access.expression.method.DefaultMethodSecurityExpressionHandler@488fbe43' of type [org.springframework.security.access.expression.method.DefaultMethodSecurityExpressionHandler] is not eligible for getting processed by all BeanPostProcessors (for example: not eligible for auto-proxying)
2021-03-26 11:48:11.981  INFO 12624 --- [restartedMain] trationDelegate$BeanPostProcessorChecker : Bean 'methodSecurityMetadataSource' of type [org.springframework.security.access.method.DelegatingMethodSecurityMetadataSource] is not eligible for getting processed by all BeanPostProcessors (for example: not eligible for auto-proxying)
2021-03-26 11:48:13.174  INFO 12624 --- [restartedMain] o.s.b.w.embedded.tomcat.TomcatWebServer  : Tomcat initialized with port(s): 8080 (http)
2021-03-26 11:48:13.202  INFO 12624 --- [restartedMain] o.apache.catalina.core.StandardService   : Starting service [Tomcat]
2021-03-26 11:48:13.203  INFO 12624 --- [restartedMain] org.apache.catalina.core.StandardEngine  : Starting Servlet engine: [Apache Tomcat/9.0.43]
2021-03-26 11:48:13.530  INFO 12624 --- [restartedMain] o.a.c.c.C.[Tomcat].[localhost].[/]       : Initializing Spring embedded WebApplicationContext
2021-03-26 11:48:13.531  INFO 12624 --- [restartedMain] w.s.c.ServletWebServerApplicationContext : Root WebApplicationContext: initialization completed in 5250 ms
2021-03-26 11:48:13.901  WARN 12624 --- [restartedMain] JpaBaseConfiguration$JpaWebConfiguration : spring.jpa.open-in-view is enabled by default. Therefore, database queries may be performed during view rendering. Explicitly configure spring.jpa.open-in-view to disable this warning
2021-03-26 11:48:14.381  INFO 12624 --- [restartedMain] o.hibernate.jpa.internal.util.LogHelper  : HHH000204: Processing PersistenceUnitInfo [name: default]
2021-03-26 11:48:14.574  INFO 12624 --- [restartedMain] org.hibernate.Version                    : HHH000412: Hibernate ORM core version 5.4.28.Final
2021-03-26 11:48:14.980  INFO 12624 --- [restartedMain] o.hibernate.annotations.common.Version   : HCANN000001: Hibernate Commons Annotations {5.1.2.Final}
2021-03-26 11:48:15.293  INFO 12624 --- [restartedMain] com.zaxxer.hikari.HikariDataSource       : HikariPool-1 - Starting...
2021-03-26 11:48:16.533  INFO 12624 --- [restartedMain] com.zaxxer.hikari.HikariDataSource       : HikariPool-1 - Start completed.
2021-03-26 11:48:16.662  INFO 12624 --- [restartedMain] org.hibernate.dialect.Dialect            : HHH000400: Using dialect: org.hibernate.dialect.PostgreSQL10Dialect
2021-03-26 11:48:20.609  INFO 12624 --- [restartedMain] o.h.e.t.j.p.i.JtaPlatformInitiator       : HHH000490: Using JtaPlatform implementation: [org.hibernate.engine.transaction.jta.platform.internal.NoJtaPlatform]
2021-03-26 11:48:20.633  INFO 12624 --- [restartedMain] j.LocalContainerEntityManagerFactoryBean : Initialized JPA EntityManagerFactory for persistence unit 'default'
2021-03-26 11:48:20.959  INFO 12624 --- [restartedMain] o.s.b.d.a.OptionalLiveReloadServer       : LiveReload server is running on port 35729
2021-03-26 11:48:22.335  INFO 12624 --- [restartedMain] o.s.s.web.DefaultSecurityFilterChain     : Will secure Ant [pattern='/api/login'] with []
2021-03-26 11:48:22.336  INFO 12624 --- [restartedMain] o.s.s.web.DefaultSecurityFilterChain     : Will secure Ant [pattern='/v2/api-docs'] with []
2021-03-26 11:48:22.337  INFO 12624 --- [restartedMain] o.s.s.web.DefaultSecurityFilterChain     : Will secure Ant [pattern='/configuration/ui'] with []
2021-03-26 11:48:22.337  INFO 12624 --- [restartedMain] o.s.s.web.DefaultSecurityFilterChain     : Will secure Ant [pattern='/swagger-resources/**'] with []
2021-03-26 11:48:22.337  INFO 12624 --- [restartedMain] o.s.s.web.DefaultSecurityFilterChain     : Will secure Ant [pattern='/configuration/security'] with []
2021-03-26 11:48:22.338  INFO 12624 --- [restartedMain] o.s.s.web.DefaultSecurityFilterChain     : Will secure Ant [pattern='/swagger-ui.html'] with []
2021-03-26 11:48:22.338  INFO 12624 --- [restartedMain] o.s.s.web.DefaultSecurityFilterChain     : Will secure Ant [pattern='/webjars/**'] with []
2021-03-26 11:48:22.338  INFO 12624 --- [restartedMain] o.s.s.web.DefaultSecurityFilterChain     : Will secure Ant [pattern='/h2-console'] with []
2021-03-26 11:48:22.339  INFO 12624 --- [restartedMain] o.s.s.web.DefaultSecurityFilterChain     : Will secure Ant [pattern='/h2-console/**'] with []
2021-03-26 11:48:22.339  INFO 12624 --- [restartedMain] o.s.s.web.DefaultSecurityFilterChain     : Will secure Ant [pattern='/css/**'] with []
2021-03-26 11:48:22.339  INFO 12624 --- [restartedMain] o.s.s.web.DefaultSecurityFilterChain     : Will secure Ant [pattern='/js/**'] with []
2021-03-26 11:48:22.340  INFO 12624 --- [restartedMain] o.s.s.web.DefaultSecurityFilterChain     : Will secure Ant [pattern='/images/**'] with []
2021-03-26 11:48:22.340  INFO 12624 --- [restartedMain] o.s.s.web.DefaultSecurityFilterChain     : Will secure Ant [pattern='/swagger-ui/**'] with []
2021-03-26 11:48:22.340  INFO 12624 --- [restartedMain] o.s.s.web.DefaultSecurityFilterChain     : Will secure Ant [pattern='/swagger-resources/**'] with []
2021-03-26 11:48:22.340  INFO 12624 --- [restartedMain] o.s.s.web.DefaultSecurityFilterChain     : Will secure Ant [pattern='/v3/api-docs/**'] with []
2021-03-26 11:48:22.341  INFO 12624 --- [restartedMain] o.s.s.web.DefaultSecurityFilterChain     : Will secure Ant [pattern='/api/travel-card/check'] with []
2021-03-26 11:48:22.342  INFO 12624 --- [restartedMain] o.s.s.web.DefaultSecurityFilterChain     : Will secure Ant [pattern='/api/travel-card/list'] with []
2021-03-26 11:48:22.425  INFO 12624 --- [restartedMain] o.s.s.web.DefaultSecurityFilterChain     : Will secure any request with [org.springframework.security.web.context.request.async.WebAsyncManagerIntegrationFilter@732f30cc, org.springframework.security.web.context.SecurityContextPersistenceFilter@18bdce11, org.springframework.security.web.header.HeaderWriterFilter@4aab3b26, org.springframework.security.web.authentication.logout.LogoutFilter@56332cd8, org.springframework.web.filter.CorsFilter@27c81daa, com.ikubinfo.internship.security.JWTFilter@5621dc3, org.springframework.security.web.savedrequest.RequestCacheAwareFilter@1b46838f, org.springframework.security.web.servletapi.SecurityContextHolderAwareRequestFilter@26406920, org.springframework.security.web.authentication.AnonymousAuthenticationFilter@657170d3, org.springframework.security.web.session.SessionManagementFilter@635f7eed, org.springframework.security.web.access.ExceptionTranslationFilter@67ce45e5, org.springframework.security.web.access.intercept.FilterSecurityInterceptor@7027f64]
2021-03-26 11:48:22.678  INFO 12624 --- [restartedMain] o.s.s.concurrent.ThreadPoolTaskExecutor  : Initializing ExecutorService 'applicationTaskExecutor'
2021-03-26 11:48:25.121  INFO 12624 --- [restartedMain] o.s.b.w.embedded.tomcat.TomcatWebServer  : Tomcat started on port(s): 8080 (http) with context path ''
2021-03-26 11:48:25.152  INFO 12624 --- [restartedMain] c.i.internship.InternshipApplication     : Started InternshipApplication in 18.607 seconds (JVM running for 24.431)
2021-03-26 11:59:15.984  INFO 12624 --- [http-nio-8080-exec-1] o.a.c.c.C.[Tomcat].[localhost].[/]       : Initializing Spring DispatcherServlet 'dispatcherServlet'
2021-03-26 11:59:15.985  INFO 12624 --- [http-nio-8080-exec-1] o.s.web.servlet.DispatcherServlet        : Initializing Servlet 'dispatcherServlet'
2021-03-26 11:59:15.988  INFO 12624 --- [http-nio-8080-exec-1] o.s.web.servlet.DispatcherServlet        : Completed initialization in 1 ms
2021-03-26 11:59:16.454 DEBUG 12624 --- [http-nio-8080-exec-1] org.hibernate.SQL                        : select personenti0_.id as id1_0_, personenti0_.address as address2_0_, personenti0_.created_on as created_3_0_, personenti0_.date_birth as date_bir4_0_, personenti0_.email as email5_0_, personenti0_.first_name as first_na6_0_, personenti0_.is_deleted as is_delet7_0_, personenti0_.last_name as last_nam8_0_, personenti0_.password as password9_0_, personenti0_.phone_no as phone_n10_0_, personenti0_.updated_on as updated11_0_, personenti0_.username as usernam12_0_ from person personenti0_ where personenti0_.username=?
2021-03-26 11:59:16.600 DEBUG 12624 --- [http-nio-8080-exec-1] org.hibernate.SQL                        : select personenti0_.id as id1_0_, personenti0_.address as address2_0_, personenti0_.created_on as created_3_0_, personenti0_.date_birth as date_bir4_0_, personenti0_.email as email5_0_, personenti0_.first_name as first_na6_0_, personenti0_.is_deleted as is_delet7_0_, personenti0_.last_name as last_nam8_0_, personenti0_.password as password9_0_, personenti0_.phone_no as phone_n10_0_, personenti0_.updated_on as updated11_0_, personenti0_.username as usernam12_0_ from person personenti0_ where personenti0_.username=?
2021-03-26 11:59:16.615 DEBUG 12624 --- [http-nio-8080-exec-1] org.hibernate.SQL                        : select roles0_.person_id as person_i1_1_0_, roles0_.role_id as role_id2_1_0_, roleentity1_.id as id1_2_1_, roleentity1_.code as code2_2_1_, roleentity1_.created_on as created_3_2_1_, roleentity1_.description as descript4_2_1_, roleentity1_.is_deleted as is_delet5_2_1_, roleentity1_.name as name6_2_1_, roleentity1_.updated_on as updated_7_2_1_ from person_role roles0_ inner join role roleentity1_ on roles0_.role_id=roleentity1_.id where roles0_.person_id=?
2021-03-26 11:59:16.783  INFO 12624 --- [http-nio-8080-exec-1] c.i.i.exception.RestExceptionHandler     : Successful login
2021-03-26 11:59:16.785 DEBUG 12624 --- [http-nio-8080-exec-1] org.hibernate.SQL                        : select personenti0_.id as id1_0_, personenti0_.address as address2_0_, personenti0_.created_on as created_3_0_, personenti0_.date_birth as date_bir4_0_, personenti0_.email as email5_0_, personenti0_.first_name as first_na6_0_, personenti0_.is_deleted as is_delet7_0_, personenti0_.last_name as last_nam8_0_, personenti0_.password as password9_0_, personenti0_.phone_no as phone_n10_0_, personenti0_.updated_on as updated11_0_, personenti0_.username as usernam12_0_ from person personenti0_ where personenti0_.username=?
2021-03-26 11:59:55.700 DEBUG 12624 --- [http-nio-8080-exec-2] org.hibernate.SQL                        : select routeentit0_.id as id1_3_, routeentit0_.code as code2_3_, routeentit0_.created_on as created_3_3_, routeentit0_.description as descript4_3_, routeentit0_.destination as destinat5_3_, routeentit0_.duration as duration6_3_, routeentit0_.is_deleted as is_delet7_3_, routeentit0_.name as name8_3_, routeentit0_.price as price9_3_, routeentit0_.start_place as start_p10_3_, routeentit0_.updated_on as updated11_3_ from route routeentit0_ where routeentit0_.is_deleted=?
2021-03-26 11:59:55.747 DEBUG 12624 --- [http-nio-8080-exec-2] org.hibernate.SQL                        : select routetypes0_.route_type_id as route_ty2_4_0_, routetypes0_.route_id as route_id1_4_0_, routetypee1_.id as id1_5_1_, routetypee1_.code as code2_5_1_, routetypee1_.created_on as created_3_5_1_, routetypee1_.description as descript4_5_1_, routetypee1_.is_deleted as is_delet5_5_1_, routetypee1_.name as name6_5_1_, routetypee1_.updated_on as updated_7_5_1_ from route_route_type routetypes0_ inner join route_type routetypee1_ on routetypes0_.route_id=routetypee1_.id where routetypes0_.route_type_id=?
2021-03-26 11:59:55.760 DEBUG 12624 --- [http-nio-8080-exec-2] org.hibernate.SQL                        : select routetypes0_.route_type_id as route_ty2_4_0_, routetypes0_.route_id as route_id1_4_0_, routetypee1_.id as id1_5_1_, routetypee1_.code as code2_5_1_, routetypee1_.created_on as created_3_5_1_, routetypee1_.description as descript4_5_1_, routetypee1_.is_deleted as is_delet5_5_1_, routetypee1_.name as name6_5_1_, routetypee1_.updated_on as updated_7_5_1_ from route_route_type routetypes0_ inner join route_type routetypee1_ on routetypes0_.route_id=routetypee1_.id where routetypes0_.route_type_id=?
2021-03-26 11:59:55.764 DEBUG 12624 --- [http-nio-8080-exec-2] org.hibernate.SQL                        : select routetypes0_.route_type_id as route_ty2_4_0_, routetypes0_.route_id as route_id1_4_0_, routetypee1_.id as id1_5_1_, routetypee1_.code as code2_5_1_, routetypee1_.created_on as created_3_5_1_, routetypee1_.description as descript4_5_1_, routetypee1_.is_deleted as is_delet5_5_1_, routetypee1_.name as name6_5_1_, routetypee1_.updated_on as updated_7_5_1_ from route_route_type routetypes0_ inner join route_type routetypee1_ on routetypes0_.route_id=routetypee1_.id where routetypes0_.route_type_id=?
2021-03-26 11:59:55.766 DEBUG 12624 --- [http-nio-8080-exec-2] org.hibernate.SQL                        : select routetypes0_.route_type_id as route_ty2_4_0_, routetypes0_.route_id as route_id1_4_0_, routetypee1_.id as id1_5_1_, routetypee1_.code as code2_5_1_, routetypee1_.created_on as created_3_5_1_, routetypee1_.description as descript4_5_1_, routetypee1_.is_deleted as is_delet5_5_1_, routetypee1_.name as name6_5_1_, routetypee1_.updated_on as updated_7_5_1_ from route_route_type routetypes0_ inner join route_type routetypee1_ on routetypes0_.route_id=routetypee1_.id where routetypes0_.route_type_id=?
2021-03-26 12:00:24.317 DEBUG 12624 --- [http-nio-8080-exec-5] org.hibernate.SQL                        : select routetypee0_.id as id1_5_, routetypee0_.code as code2_5_, routetypee0_.created_on as created_3_5_, routetypee0_.description as descript4_5_, routetypee0_.is_deleted as is_delet5_5_, routetypee0_.name as name6_5_, routetypee0_.updated_on as updated_7_5_ from route_type routetypee0_ where routetypee0_.is_deleted=?
2021-03-26 12:00:35.368 DEBUG 12624 --- [http-nio-8080-exec-6] org.hibernate.SQL                        : select travelcard0_.id as id1_7_, travelcard0_.created_on as created_2_7_, travelcard0_.is_deleted as is_delet3_7_, travelcard0_.name as name4_7_, travelcard0_.price as price5_7_, travelcard0_.updated_on as updated_6_7_, travelcard0_.value_days as value_da7_7_ from travel_card_type travelcard0_ where travelcard0_.is_deleted=?
2021-03-26 12:01:28.413  WARN 12624 --- [http-nio-8080-exec-7] .m.m.a.ExceptionHandlerExceptionResolver : Resolved [org.springframework.web.bind.MethodArgumentNotValidException: Validation failed for argument [0] in public org.springframework.http.ResponseEntity<com.ikubinfo.internship.dto.RouteDTO> com.ikubinfo.internship.controller.RouteController.createRoute(com.ikubinfo.internship.dto.RouteDTO): [Field error in object 'routeDTO' on field 'name': rejected value [L]; codes [Size.routeDTO.name,Size.name,Size.java.lang.String,Size]; arguments [org.springframework.context.support.DefaultMessageSourceResolvable: codes [routeDTO.name,name]; arguments []; default message [name],20,2]; default message [Name must be between 2 and 20 characters]] ]
2021-03-26 13:55:41.336  WARN 12624 --- [HikariPool-1 housekeeper] com.zaxxer.hikari.pool.HikariPool        : HikariPool-1 - Thread starvation or clock leap detected (housekeeper delta=16m54s123ms598µs700ns).
2021-03-26 15:36:22.093  WARN 12624 --- [HikariPool-1 housekeeper] com.zaxxer.hikari.pool.HikariPool        : HikariPool-1 - Thread starvation or clock leap detected (housekeeper delta=52m10s574ms522µs300ns).
